The system is: Linux - 5.13.0-37-generic - x86_64
Compiling the C compiler identification source file "CMakeCCompilerId.c" succeeded.
Compiler: /usr/bin/x86_64-w64-mingw32-gcc 
Build flags: 
Id flags:  

The output was:
0


Compilation of the C compiler identification source "CMakeCCompilerId.c" produced "a.exe"

The C compiler identification is GNU, found in "/home/dylan16/Documents/Datos2/Proyecto01/Proyecto-01-CE-2103/Matriz/build/CMakeFiles/3.16.3/CompilerIdC/a.exe"

Compiling the CXX compiler identification source file "CMakeCXXCompilerId.cpp" succeeded.
Compiler: /usr/bin/x86_64-w64-mingw32-g++ 
Build flags: 
Id flags:  

The output was:
0


Compilation of the CXX compiler identification source "CMakeCXXCompilerId.cpp" produced "a.exe"

The CXX compiler identification is GNU, found in "/home/dylan16/Documents/Datos2/Proyecto01/Proyecto-01-CE-2103/Matriz/build/CMakeFiles/3.16.3/CompilerIdCXX/a.exe"

Determining if the C compiler works passed with the following output:
Change Dir: /home/dylan16/Documents/Datos2/Proyecto01/Proyecto-01-CE-2103/Matriz/build/CMakeFiles/CMakeTmp

Run Build Command(s):/usr/bin/make cmTC_9796f/fast && /usr/bin/make -f CMakeFiles/cmTC_9796f.dir/build.make CMakeFiles/cmTC_9796f.dir/build
make[1]: Entering directory '/home/dylan16/Documents/Datos2/Proyecto01/Proyecto-01-CE-2103/Matriz/build/CMakeFiles/CMakeTmp'
Building C object CMakeFiles/cmTC_9796f.dir/testCCompiler.c.o
/usr/bin/x86_64-w64-mingw32-gcc    -o CMakeFiles/cmTC_9796f.dir/testCCompiler.c.o   -c /home/dylan16/Documents/Datos2/Proyecto01/Proyecto-01-CE-2103/Matriz/build/CMakeFiles/CMakeTmp/testCCompiler.c
Linking C executable cmTC_9796f
/usr/bin/cmake -E cmake_link_script CMakeFiles/cmTC_9796f.dir/link.txt --verbose=1
/usr/bin/x86_64-w64-mingw32-gcc      CMakeFiles/cmTC_9796f.dir/testCCompiler.c.o  -o cmTC_9796f 
make[1]: Leaving directory '/home/dylan16/Documents/Datos2/Proyecto01/Proyecto-01-CE-2103/Matriz/build/CMakeFiles/CMakeTmp'



Determining if the CXX compiler works passed with the following output:
Change Dir: /home/dylan16/Documents/Datos2/Proyecto01/Proyecto-01-CE-2103/Matriz/build/CMakeFiles/CMakeTmp

Run Build Command(s):/usr/bin/make cmTC_925d3/fast && /usr/bin/make -f CMakeFiles/cmTC_925d3.dir/build.make CMakeFiles/cmTC_925d3.dir/build
make[1]: Entering directory '/home/dylan16/Documents/Datos2/Proyecto01/Proyecto-01-CE-2103/Matriz/build/CMakeFiles/CMakeTmp'
Building CXX object CMakeFiles/cmTC_925d3.dir/testCXXCompiler.cxx.o
/usr/bin/x86_64-w64-mingw32-g++     -o CMakeFiles/cmTC_925d3.dir/testCXXCompiler.cxx.o -c /home/dylan16/Documents/Datos2/Proyecto01/Proyecto-01-CE-2103/Matriz/build/CMakeFiles/CMakeTmp/testCXXCompiler.cxx
Linking CXX executable cmTC_925d3
/usr/bin/cmake -E cmake_link_script CMakeFiles/cmTC_925d3.dir/link.txt --verbose=1
/usr/bin/x86_64-w64-mingw32-g++       CMakeFiles/cmTC_925d3.dir/testCXXCompiler.cxx.o  -o cmTC_925d3 
make[1]: Leaving directory '/home/dylan16/Documents/Datos2/Proyecto01/Proyecto-01-CE-2103/Matriz/build/CMakeFiles/CMakeTmp'



