Detecting C compiler ABI info failed to compile with the following output:
Change Dir: /home/dylan16/Documents/Datos2/Proyecto01/Proyecto-01-CE-2103/Matriz/build/CMakeFiles/CMakeTmp

Run Build Command(s):/usr/bin/make cmTC_3a405/fast && /usr/bin/make -f CMakeFiles/cmTC_3a405.dir/build.make CMakeFiles/cmTC_3a405.dir/build
make[1]: Entering directory '/home/dylan16/Documents/Datos2/Proyecto01/Proyecto-01-CE-2103/Matriz/build/CMakeFiles/CMakeTmp'
Building C object CMakeFiles/cmTC_3a405.dir/CMakeCCompilerABI.c.o
/usr/bin/x86_64-w64-mingw32-gcc   -v -o CMakeFiles/cmTC_3a405.dir/CMakeCCompilerABI.c.o   -c /usr/share/cmake-3.16/Modules/CMakeCCompilerABI.c
Using built-in specs.
COLLECT_GCC=/usr/bin/x86_64-w64-mingw32-gcc
Target: x86_64-w64-mingw32
Configured with: ../../src/configure --build=x86_64-linux-gnu --prefix=/usr --includedir='/usr/include' --mandir='/usr/share/man' --infodir='/usr/share/info' --sysconfdir=/etc --localstatedir=/var --disable-silent-rules --libdir='/usr/lib/x86_64-linux-gnu' --libexecdir='/usr/lib/x86_64-linux-gnu' --disable-maintainer-mode --disable-dependency-tracking --prefix=/usr --enable-shared --enable-static --disable-multilib --with-system-zlib --libexecdir=/usr/lib --without-included-gettext --libdir=/usr/lib --enable-libstdcxx-time=yes --with-tune=generic --with-headers=/usr/x86_64-w64-mingw32/include --enable-version-specific-runtime-libs --enable-fully-dynamic-string --enable-libgomp --enable-languages=c,c++,fortran,objc,obj-c++,ada --enable-lto --enable-threads=win32 --program-suffix=-win32 --program-prefix=x86_64-w64-mingw32- --target=x86_64-w64-mingw32 --with-as=/usr/bin/x86_64-w64-mingw32-as --with-ld=/usr/bin/x86_64-w64-mingw32-ld --enable-libatomic --enable-libstdcxx-filesystem-ts=yes --enable-dependency-tracking
Thread model: win32
gcc version 9.3-win32 20200320 (GCC) 
COLLECT_GCC_OPTIONS='-v' '-o' 'CMakeFiles/cmTC_3a405.dir/CMakeCCompilerABI.c.o' '-c' '-mtune=generic' '-march=x86-64'
 /usr/lib/gcc/x86_64-w64-mingw32/9.3-win32/cc1 -quiet -v -U_REENTRANT /usr/share/cmake-3.16/Modules/CMakeCCompilerABI.c -quiet -dumpbase CMakeCCompilerABI.c -mtune=generic -march=x86-64 -auxbase-strip CMakeFiles/cmTC_3a405.dir/CMakeCCompilerABI.c.o -version -o /tmp/ccXgM7nc.s
GNU C17 (GCC) version 9.3-win32 20200320 (x86_64-w64-mingw32)
	compiled by GNU C version 9.3.0, GMP version 6.2.0, MPFR version 4.0.2, MPC version 1.1.0, isl version isl-0.22.1-GMP

GGC heuristics: --param ggc-min-expand=100 --param ggc-min-heapsize=131072
ignoring nonexistent directory "/usr/lib/gcc/x86_64-w64-mingw32/9.3-win32/../../../../x86_64-w64-mingw32/sys-include"
#include "..." search starts here:
#include <...> search starts here:
 /usr/lib/gcc/x86_64-w64-mingw32/9.3-win32/include
 /usr/lib/gcc/x86_64-w64-mingw32/9.3-win32/include-fixed
 /usr/lib/gcc/x86_64-w64-mingw32/9.3-win32/../../../../x86_64-w64-mingw32/include
End of search list.
GNU C17 (GCC) version 9.3-win32 20200320 (x86_64-w64-mingw32)
	compiled by GNU C version 9.3.0, GMP version 6.2.0, MPFR version 4.0.2, MPC version 1.1.0, isl version isl-0.22.1-GMP

GGC heuristics: --param ggc-min-expand=100 --param ggc-min-heapsize=131072
Compiler executable checksum: b5fc4553660fb2502d01e29454682e29
COLLECT_GCC_OPTIONS='-v' '-o' 'CMakeFiles/cmTC_3a405.dir/CMakeCCompilerABI.c.o' '-c' '-mtune=generic' '-march=x86-64'
 /usr/bin/x86_64-w64-mingw32-as -v -o CMakeFiles/cmTC_3a405.dir/CMakeCCompilerABI.c.o /tmp/ccXgM7nc.s
GNU assembler version 2.34 (x86_64-w64-mingw32) using BFD version (GNU Binutils) 2.34
COMPILER_PATH=/usr/lib/gcc/x86_64-w64-mingw32/9.3-win32/:/usr/lib/gcc/x86_64-w64-mingw32/9.3-win32/:/usr/lib/gcc/x86_64-w64-mingw32/:/usr/lib/gcc/x86_64-w64-mingw32/9.3-win32/:/usr/lib/gcc/x86_64-w64-mingw32/:/usr/lib/gcc/x86_64-w64-mingw32/9.3-win32/../../../../x86_64-w64-mingw32/bin/
LIBRARY_PATH=/usr/lib/gcc/x86_64-w64-mingw32/9.3-win32/:/usr/lib/gcc/x86_64-w64-mingw32/9.3-win32/../../../../x86_64-w64-mingw32/lib/
COLLECT_GCC_OPTIONS='-v' '-o' 'CMakeFiles/cmTC_3a405.dir/CMakeCCompilerABI.c.o' '-c' '-mtune=generic' '-march=x86-64'
Linking C executable cmTC_3a405
/usr/bin/cmake -E cmake_link_script CMakeFiles/cmTC_3a405.dir/link.txt --verbose=1
/usr/bin/x86_64-w64-mingw32-gcc     -v CMakeFiles/cmTC_3a405.dir/CMakeCCompilerABI.c.o  -o cmTC_3a405 
Using built-in specs.
COLLECT_GCC=/usr/bin/x86_64-w64-mingw32-gcc
COLLECT_LTO_WRAPPER=/usr/lib/gcc/x86_64-w64-mingw32/9.3-win32/lto-wrapper
Target: x86_64-w64-mingw32
Configured with: ../../src/configure --build=x86_64-linux-gnu --prefix=/usr --includedir='/usr/include' --mandir='/usr/share/man' --infodir='/usr/share/info' --sysconfdir=/etc --localstatedir=/var --disable-silent-rules --libdir='/usr/lib/x86_64-linux-gnu' --libexecdir='/usr/lib/x86_64-linux-gnu' --disable-maintainer-mode --disable-dependency-tracking --prefix=/usr --enable-shared --enable-static --disable-multilib --with-system-zlib --libexecdir=/usr/lib --without-included-gettext --libdir=/usr/lib --enable-libstdcxx-time=yes --with-tune=generic --with-headers=/usr/x86_64-w64-mingw32/include --enable-version-specific-runtime-libs --enable-fully-dynamic-string --enable-libgomp --enable-languages=c,c++,fortran,objc,obj-c++,ada --enable-lto --enable-threads=win32 --program-suffix=-win32 --program-prefix=x86_64-w64-mingw32- --target=x86_64-w64-mingw32 --with-as=/usr/bin/x86_64-w64-mingw32-as --with-ld=/usr/bin/x86_64-w64-mingw32-ld --enable-libatomic --enable-libstdcxx-filesystem-ts=yes --enable-dependency-tracking
Thread model: win32
gcc version 9.3-win32 20200320 (GCC) 
COMPILER_PATH=/usr/lib/gcc/x86_64-w64-mingw32/9.3-win32/:/usr/lib/gcc/x86_64-w64-mingw32/9.3-win32/:/usr/lib/gcc/x86_64-w64-mingw32/:/usr/lib/gcc/x86_64-w64-mingw32/9.3-win32/:/usr/lib/gcc/x86_64-w64-mingw32/:/usr/lib/gcc/x86_64-w64-mingw32/9.3-win32/../../../../x86_64-w64-mingw32/bin/
LIBRARY_PATH=/usr/lib/gcc/x86_64-w64-mingw32/9.3-win32/:/usr/lib/gcc/x86_64-w64-mingw32/9.3-win32/../../../../x86_64-w64-mingw32/lib/
COLLECT_GCC_OPTIONS='-v' '-o' 'cmTC_3a405.exe' '-mtune=generic' '-march=x86-64'
 /usr/lib/gcc/x86_64-w64-mingw32/9.3-win32/collect2 -plugin /usr/lib/gcc/x86_64-w64-mingw32/9.3-win32/liblto_plugin.so -plugin-opt=/usr/lib/gcc/x86_64-w64-mingw32/9.3-win32/lto-wrapper -plugin-opt=-fresolution=/tmp/ccYSmrzI.res -plugin-opt=-pass-through=-lmingw32 -plugin-opt=-pass-through=-lgcc -plugin-opt=-pass-through=-lgcc_eh -plugin-opt=-pass-through=-lmoldname -plugin-opt=-pass-through=-lmingwex -plugin-opt=-pass-through=-lmsvcrt -plugin-opt=-pass-through=-ladvapi32 -plugin-opt=-pass-through=-lshell32 -plugin-opt=-pass-through=-luser32 -plugin-opt=-pass-through=-lkernel32 -plugin-opt=-pass-through=-lmingw32 -plugin-opt=-pass-through=-lgcc -plugin-opt=-pass-through=-lgcc_eh -plugin-opt=-pass-through=-lmoldname -plugin-opt=-pass-through=-lmingwex -plugin-opt=-pass-through=-lmsvcrt -m i386pep -Bdynamic -o cmTC_3a405.exe /usr/lib/gcc/x86_64-w64-mingw32/9.3-win32/../../../../x86_64-w64-mingw32/lib/crt2.o /usr/lib/gcc/x86_64-w64-mingw32/9.3-win32/crtbegin.o -L/usr/lib/gcc/x86_64-w64-mingw32/9.3-win32 -L/usr/lib/gcc/x86_64-w64-mingw32/9.3-win32/../../../../x86_64-w64-mingw32/lib CMakeFiles/cmTC_3a405.dir/CMakeCCompilerABI.c.o -lmingw32 -lgcc -lgcc_eh -lmoldname -lmingwex -lmsvcrt -ladvapi32 -lshell32 -luser32 -lkernel32 -lmingw32 -lgcc -lgcc_eh -lmoldname -lmingwex -lmsvcrt /usr/lib/gcc/x86_64-w64-mingw32/9.3-win32/crtend.o
COLLECT_GCC_OPTIONS='-v' '-o' 'cmTC_3a405.exe' '-mtune=generic' '-march=x86-64'
make[1]: Leaving directory '/home/dylan16/Documents/Datos2/Proyecto01/Proyecto-01-CE-2103/Matriz/build/CMakeFiles/CMakeTmp'


Cannot copy output executable
  ''
to destination specified by COPY_FILE:
  '/home/dylan16/Documents/Datos2/Proyecto01/Proyecto-01-CE-2103/Matriz/build/CMakeFiles/3.16.3/CMakeDetermineCompilerABI_C.bin'
Unable to find the executable at any of:
  /home/dylan16/Documents/Datos2/Proyecto01/Proyecto-01-CE-2103/Matriz/build/CMakeFiles/CMakeTmp/cmTC_3a405
  /home/dylan16/Documents/Datos2/Proyecto01/Proyecto-01-CE-2103/Matriz/build/CMakeFiles/CMakeTmp/Debug/cmTC_3a405
  /home/dylan16/Documents/Datos2/Proyecto01/Proyecto-01-CE-2103/Matriz/build/CMakeFiles/CMakeTmp/Development/cmTC_3a405


Detecting CXX compiler ABI info failed to compile with the following output:
Change Dir: /home/dylan16/Documents/Datos2/Proyecto01/Proyecto-01-CE-2103/Matriz/build/CMakeFiles/CMakeTmp

Run Build Command(s):/usr/bin/make cmTC_a8c93/fast && /usr/bin/make -f CMakeFiles/cmTC_a8c93.dir/build.make CMakeFiles/cmTC_a8c93.dir/build
make[1]: Entering directory '/home/dylan16/Documents/Datos2/Proyecto01/Proyecto-01-CE-2103/Matriz/build/CMakeFiles/CMakeTmp'
Building CXX object CMakeFiles/cmTC_a8c93.dir/CMakeCXXCompilerABI.cpp.o
/usr/bin/x86_64-w64-mingw32-g++    -v -o CMakeFiles/cmTC_a8c93.dir/CMakeCXXCompilerABI.cpp.o -c /usr/share/cmake-3.16/Modules/CMakeCXXCompilerABI.cpp
Using built-in specs.
COLLECT_GCC=/usr/bin/x86_64-w64-mingw32-g++
Target: x86_64-w64-mingw32
Configured with: ../../src/configure --build=x86_64-linux-gnu --prefix=/usr --includedir='/usr/include' --mandir='/usr/share/man' --infodir='/usr/share/info' --sysconfdir=/etc --localstatedir=/var --disable-silent-rules --libdir='/usr/lib/x86_64-linux-gnu' --libexecdir='/usr/lib/x86_64-linux-gnu' --disable-maintainer-mode --disable-dependency-tracking --prefix=/usr --enable-shared --enable-static --disable-multilib --with-system-zlib --libexecdir=/usr/lib --without-included-gettext --libdir=/usr/lib --enable-libstdcxx-time=yes --with-tune=generic --with-headers=/usr/x86_64-w64-mingw32/include --enable-version-specific-runtime-libs --enable-fully-dynamic-string --enable-libgomp --enable-languages=c,c++,fortran,objc,obj-c++,ada --enable-lto --enable-threads=win32 --program-suffix=-win32 --program-prefix=x86_64-w64-mingw32- --target=x86_64-w64-mingw32 --with-as=/usr/bin/x86_64-w64-mingw32-as --with-ld=/usr/bin/x86_64-w64-mingw32-ld --enable-libatomic --enable-libstdcxx-filesystem-ts=yes --enable-dependency-tracking
Thread model: win32
gcc version 9.3-win32 20200320 (GCC) 
COLLECT_GCC_OPTIONS='-v' '-o' 'CMakeFiles/cmTC_a8c93.dir/CMakeCXXCompilerABI.cpp.o' '-c' '-shared-libgcc' '-mtune=generic' '-march=x86-64'
 /usr/lib/gcc/x86_64-w64-mingw32/9.3-win32/cc1plus -quiet -v -U_REENTRANT /usr/share/cmake-3.16/Modules/CMakeCXXCompilerABI.cpp -quiet -dumpbase CMakeCXXCompilerABI.cpp -mtune=generic -march=x86-64 -auxbase-strip CMakeFiles/cmTC_a8c93.dir/CMakeCXXCompilerABI.cpp.o -version -o /tmp/ccK59iYa.s
GNU C++14 (GCC) version 9.3-win32 20200320 (x86_64-w64-mingw32)
	compiled by GNU C version 9.3.0, GMP version 6.2.0, MPFR version 4.0.2, MPC version 1.1.0, isl version isl-0.22.1-GMP

GGC heuristics: --param ggc-min-expand=100 --param ggc-min-heapsize=131072
ignoring nonexistent directory "/usr/lib/gcc/x86_64-w64-mingw32/9.3-win32/../../../../x86_64-w64-mingw32/sys-include"
#include "..." search starts here:
#include <...> search starts here:
 /usr/lib/gcc/x86_64-w64-mingw32/9.3-win32/include/c++
 /usr/lib/gcc/x86_64-w64-mingw32/9.3-win32/include/c++/x86_64-w64-mingw32
 /usr/lib/gcc/x86_64-w64-mingw32/9.3-win32/include/c++/backward
 /usr/lib/gcc/x86_64-w64-mingw32/9.3-win32/include
 /usr/lib/gcc/x86_64-w64-mingw32/9.3-win32/include-fixed
 /usr/lib/gcc/x86_64-w64-mingw32/9.3-win32/../../../../x86_64-w64-mingw32/include
End of search list.
GNU C++14 (GCC) version 9.3-win32 20200320 (x86_64-w64-mingw32)
	compiled by GNU C version 9.3.0, GMP version 6.2.0, MPFR version 4.0.2, MPC version 1.1.0, isl version isl-0.22.1-GMP

GGC heuristics: --param ggc-min-expand=100 --param ggc-min-heapsize=131072
Compiler executable checksum: d7836c7d3b98738076e9d0390d68a018
COLLECT_GCC_OPTIONS='-v' '-o' 'CMakeFiles/cmTC_a8c93.dir/CMakeCXXCompilerABI.cpp.o' '-c' '-shared-libgcc' '-mtune=generic' '-march=x86-64'
 /usr/bin/x86_64-w64-mingw32-as -v -o CMakeFiles/cmTC_a8c93.dir/CMakeCXXCompilerABI.cpp.o /tmp/ccK59iYa.s
GNU assembler version 2.34 (x86_64-w64-mingw32) using BFD version (GNU Binutils) 2.34
COMPILER_PATH=/usr/lib/gcc/x86_64-w64-mingw32/9.3-win32/:/usr/lib/gcc/x86_64-w64-mingw32/9.3-win32/:/usr/lib/gcc/x86_64-w64-mingw32/:/usr/lib/gcc/x86_64-w64-mingw32/9.3-win32/:/usr/lib/gcc/x86_64-w64-mingw32/:/usr/lib/gcc/x86_64-w64-mingw32/9.3-win32/../../../../x86_64-w64-mingw32/bin/
LIBRARY_PATH=/usr/lib/gcc/x86_64-w64-mingw32/9.3-win32/:/usr/lib/gcc/x86_64-w64-mingw32/9.3-win32/../../../../x86_64-w64-mingw32/lib/
COLLECT_GCC_OPTIONS='-v' '-o' 'CMakeFiles/cmTC_a8c93.dir/CMakeCXXCompilerABI.cpp.o' '-c' '-shared-libgcc' '-mtune=generic' '-march=x86-64'
Linking CXX executable cmTC_a8c93
/usr/bin/cmake -E cmake_link_script CMakeFiles/cmTC_a8c93.dir/link.txt --verbose=1
/usr/bin/x86_64-w64-mingw32-g++      -v CMakeFiles/cmTC_a8c93.dir/CMakeCXXCompilerABI.cpp.o  -o cmTC_a8c93 
Using built-in specs.
COLLECT_GCC=/usr/bin/x86_64-w64-mingw32-g++
COLLECT_LTO_WRAPPER=/usr/lib/gcc/x86_64-w64-mingw32/9.3-win32/lto-wrapper
Target: x86_64-w64-mingw32
Configured with: ../../src/configure --build=x86_64-linux-gnu --prefix=/usr --includedir='/usr/include' --mandir='/usr/share/man' --infodir='/usr/share/info' --sysconfdir=/etc --localstatedir=/var --disable-silent-rules --libdir='/usr/lib/x86_64-linux-gnu' --libexecdir='/usr/lib/x86_64-linux-gnu' --disable-maintainer-mode --disable-dependency-tracking --prefix=/usr --enable-shared --enable-static --disable-multilib --with-system-zlib --libexecdir=/usr/lib --without-included-gettext --libdir=/usr/lib --enable-libstdcxx-time=yes --with-tune=generic --with-headers=/usr/x86_64-w64-mingw32/include --enable-version-specific-runtime-libs --enable-fully-dynamic-string --enable-libgomp --enable-languages=c,c++,fortran,objc,obj-c++,ada --enable-lto --enable-threads=win32 --program-suffix=-win32 --program-prefix=x86_64-w64-mingw32- --target=x86_64-w64-mingw32 --with-as=/usr/bin/x86_64-w64-mingw32-as --with-ld=/usr/bin/x86_64-w64-mingw32-ld --enable-libatomic --enable-libstdcxx-filesystem-ts=yes --enable-dependency-tracking
Thread model: win32
gcc version 9.3-win32 20200320 (GCC) 
COMPILER_PATH=/usr/lib/gcc/x86_64-w64-mingw32/9.3-win32/:/usr/lib/gcc/x86_64-w64-mingw32/9.3-win32/:/usr/lib/gcc/x86_64-w64-mingw32/:/usr/lib/gcc/x86_64-w64-mingw32/9.3-win32/:/usr/lib/gcc/x86_64-w64-mingw32/:/usr/lib/gcc/x86_64-w64-mingw32/9.3-win32/../../../../x86_64-w64-mingw32/bin/
LIBRARY_PATH=/usr/lib/gcc/x86_64-w64-mingw32/9.3-win32/:/usr/lib/gcc/x86_64-w64-mingw32/9.3-win32/../../../../x86_64-w64-mingw32/lib/
COLLECT_GCC_OPTIONS='-v' '-o' 'cmTC_a8c93.exe' '-shared-libgcc' '-mtune=generic' '-march=x86-64'
 /usr/lib/gcc/x86_64-w64-mingw32/9.3-win32/collect2 -plugin /usr/lib/gcc/x86_64-w64-mingw32/9.3-win32/liblto_plugin.so -plugin-opt=/usr/lib/gcc/x86_64-w64-mingw32/9.3-win32/lto-wrapper -plugin-opt=-fresolution=/tmp/ccmPbifE.res -plugin-opt=-pass-through=-lmingw32 -plugin-opt=-pass-through=-lgcc_s -plugin-opt=-pass-through=-lgcc -plugin-opt=-pass-through=-lmoldname -plugin-opt=-pass-through=-lmingwex -plugin-opt=-pass-through=-lmsvcrt -plugin-opt=-pass-through=-ladvapi32 -plugin-opt=-pass-through=-lshell32 -plugin-opt=-pass-through=-luser32 -plugin-opt=-pass-through=-lkernel32 -plugin-opt=-pass-through=-lmingw32 -plugin-opt=-pass-through=-lgcc_s -plugin-opt=-pass-through=-lgcc -plugin-opt=-pass-through=-lmoldname -plugin-opt=-pass-through=-lmingwex -plugin-opt=-pass-through=-lmsvcrt -m i386pep -Bdynamic -o cmTC_a8c93.exe /usr/lib/gcc/x86_64-w64-mingw32/9.3-win32/../../../../x86_64-w64-mingw32/lib/crt2.o /usr/lib/gcc/x86_64-w64-mingw32/9.3-win32/crtbegin.o -L/usr/lib/gcc/x86_64-w64-mingw32/9.3-win32 -L/usr/lib/gcc/x86_64-w64-mingw32/9.3-win32/../../../../x86_64-w64-mingw32/lib CMakeFiles/cmTC_a8c93.dir/CMakeCXXCompilerABI.cpp.o -lstdc++ -lmingw32 -lgcc_s -lgcc -lmoldname -lmingwex -lmsvcrt -ladvapi32 -lshell32 -luser32 -lkernel32 -lmingw32 -lgcc_s -lgcc -lmoldname -lmingwex -lmsvcrt /usr/lib/gcc/x86_64-w64-mingw32/9.3-win32/crtend.o
COLLECT_GCC_OPTIONS='-v' '-o' 'cmTC_a8c93.exe' '-shared-libgcc' '-mtune=generic' '-march=x86-64'
make[1]: Leaving directory '/home/dylan16/Documents/Datos2/Proyecto01/Proyecto-01-CE-2103/Matriz/build/CMakeFiles/CMakeTmp'


Cannot copy output executable
  ''
to destination specified by COPY_FILE:
  '/home/dylan16/Documents/Datos2/Proyecto01/Proyecto-01-CE-2103/Matriz/build/CMakeFiles/3.16.3/CMakeDetermineCompilerABI_CXX.bin'
Unable to find the executable at any of:
  /home/dylan16/Documents/Datos2/Proyecto01/Proyecto-01-CE-2103/Matriz/build/CMakeFiles/CMakeTmp/cmTC_a8c93
  /home/dylan16/Documents/Datos2/Proyecto01/Proyecto-01-CE-2103/Matriz/build/CMakeFiles/CMakeTmp/Debug/cmTC_a8c93
  /home/dylan16/Documents/Datos2/Proyecto01/Proyecto-01-CE-2103/Matriz/build/CMakeFiles/CMakeTmp/Development/cmTC_a8c93


